<?xml version="1.0" encoding="utf-8"?><testsuites name="pytest tests"><testsuite name="pytest" errors="0" failures="0" skipped="0" tests="8" time="4.388" timestamp="2026-09-03T15:55:35.668124+00:00" hostname="agent-env-1ac7a5e8-c544-4b14-895f-15925d60d05b"><testcase classname="tests.test_community_public_profile_notifications" name="test_public_profile_is_open_and_contains_expected_sections" time="2.757" /><testcase classname="tests.test_community_public_profile_notifications" name="test_client_can_recommend_provider_with_polite_message" time="0.119" /><testcase classname="tests.test_community_public_profile_notifications" name="test_provider_can_recommend_another_provider" time="0.068" /><testcase classname="tests.test_community_public_profile_notifications" name="test_provider_cannot_recommend_self" time="0.096" /><testcase classname="tests.test_community_public_profile_notifications" name="test_recommendation_blocks_rude_language" time="0.102" /><testcase classname="tests.test_community_public_profile_notifications" name="test_recommendations_mine_for_provider_and_client" time="0.181" /><testcase classname="tests.test_community_public_profile_notifications" name="test_notifications_recorded_as_skipped_when_email_not_configured" time="0.196" /><testcase classname="tests.test_community_public_profile_notifications" name="test_completed_offer_cannot_be_reviewed_twice" time="0.095" /></testsuite></testsuites>