<?xml version="1.0" encoding="utf-8"?><testsuites name="pytest tests"><testsuite name="pytest" errors="0" failures="1" skipped="0" tests="34" time="13.155" timestamp="2026-09-03T15:30:34.292529+00:00" hostname="agent-env-1ac7a5e8-c544-4b14-895f-15925d60d05b"><testcase classname="tests.test_proposal_flow.TestAcceptance" name="test_accept_sets_statuses" time="2.278" /><testcase classname="tests.test_proposal_flow.TestReviews" name="test_review_requires_completed_offer" time="2.236" /><testcase classname="tests.test_proposal_flow.TestReviews" name="test_polite_review_success_and_aggregation" time="1.010" /><testcase classname="tests.test_proposal_flow.TestAcceptance" name="test_provider_cannot_accept" time="0.259" /><testcase classname="tests.test_proposal_flow.TestAcceptance" name="test_other_client_cannot_accept" time="0.670" /><testcase classname="tests.test_proposal_flow.TestAcceptance" name="test_offer_on_non_open_request_rejected" time="0.365" /><testcase classname="tests.test_proposal_flow.TestReviews" name="test_duplicate_review_409" time="1.018" /><testcase classname="tests.test_proposal_flow.TestAcceptance" name="test_double_accept_rejected" time="0.478" /><testcase classname="tests.test_proposal_flow.TestAcceptance" name="test_client_only_role_cannot_offer" time="2.266" /><testcase classname="tests.test_proposal_flow.TestReviews" name="test_rude_language_blocked[idiota]" time="0.575" /><testcase classname="tests.test_proposal_flow.TestReviews" name="test_rude_language_blocked[lixo]" time="1.010" /><testcase classname="tests.test_proposal_flow.TestReviews" name="test_rude_language_blocked[merda]" time="0.628" /><testcase classname="tests.test_proposal_flow.TestListings" name="test_list_requests_returns_full_docs" time="0.170" /><testcase classname="tests.test_proposal_flow.TestReviews" name="test_rude_language_blocked[incompetente]" time="1.023" /><testcase classname="tests.test_proposal_flow.TestListings" name="test_provider_sees_open_requests" time="0.196" /><testcase classname="tests.test_proposal_flow.TestListings" name="test_list_offers_returns_full_docs" time="0.462" /><testcase classname="tests.test_proposal_flow.TestListings" name="test_offers_mine" time="0.446" /><testcase classname="tests.test_proposal_flow.TestReviews" name="test_short_testimonial_blocked" time="0.821" /><testcase classname="tests.test_proposal_flow.TestListings" name="test_offers_mine_forbidden_for_client" time="0.096" /><testcase classname="tests.test_proposal_flow.TestCompletion" name="test_complete_before_accept_rejected" time="0.239" /><testcase classname="tests.test_proposal_flow.TestCompletion" name="test_client_then_provider_completion" time="0.901" /><testcase classname="tests.test_proposal_flow.TestReviews" name="test_invalid_rating[0]" time="0.559" /><testcase classname="tests.test_proposal_flow.TestCompletion" name="test_provider_then_client_completion" time="0.508" /><testcase classname="tests.test_proposal_flow.TestReviews" name="test_invalid_rating[6]" time="0.564" /><testcase classname="tests.test_proposal_flow.TestCompletion" name="test_non_participant_cannot_complete" time="0.891" /><testcase classname="tests.test_proposal_flow.TestReviews" name="test_invalid_rating[-1]" time="0.741" /><testcase classname="tests.test_proposal_flow.TestReviews" name="test_provider_cannot_review" time="0.724" /><testcase classname="tests.test_proposal_flow.TestAuthBasics" name="test_login_and_me" time="0.541" /><testcase classname="tests.test_proposal_flow.TestAuthBasics" name="test_login_wrong_password" time="0.382" /><testcase classname="tests.test_proposal_flow.TestReviews" name="test_other_client_cannot_review" time="1.093" /><testcase classname="tests.test_proposal_flow.TestAuthBasics" name="test_unauthenticated_requests" time="0.127" /><testcase classname="tests.test_proposal_flow.TestEdgeCases" name="test_accept_invalid_offer_id" time="0.097"><failure message="AssertionError: got 500&#10;assert 500 in (400, 404, 422)&#10; +  where 500 = &lt;Response [500]&gt;.status_code">tests/test_proposal_flow.py:293: in test_accept_invalid_offer_id
    assert r.status_code in (400, 404, 422), f"got {r.status_code}"
E   AssertionError: got 500
E   assert 500 in (400, 404, 422)
E    +  where 500 = &lt;Response [500]&gt;.status_code</failure></testcase><testcase classname="tests.test_proposal_flow.TestEdgeCases" name="test_accept_missing_offer_id" time="0.101" /><testcase classname="tests.test_proposal_flow.TestEdgeCases" name="test_offers_for_unknown_request" time="0.098" /></testsuite></testsuites>