<?xml version="1.0" encoding="utf-8"?><testsuites name="pytest tests"><testsuite name="pytest" errors="0" failures="7" skipped="0" tests="46" time="14.063" timestamp="2026-09-03T15:33:28.250527+00:00" hostname="agent-env-1ac7a5e8-c544-4b14-895f-15925d60d05b"><testcase classname="tests.test_promao_api" name="test_services_and_demo_providers" time="0.517" /><testcase classname="tests.test_promao_api" name="test_register_sets_httponly_cookie_and_me" time="0.863" /><testcase classname="tests.test_proposal_flow.TestReviews" name="test_review_requires_completed_offer" time="1.893" /><testcase classname="tests.test_promao_api" name="test_login_and_logout" time="0.904" /><testcase classname="tests.test_proposal_flow.TestReviews" name="test_polite_review_success_and_aggregation" time="0.788" /><testcase classname="tests.test_promao_api" name="test_invalid_login_is_readable" time="0.168" /><testcase classname="tests.test_promao_api" name="test_request_requires_auth" time="0.251" /><testcase classname="tests.test_proposal_flow.TestReviews" name="test_duplicate_review_409" time="0.979" /><testcase classname="tests.test_promao_api" name="test_authenticated_request_persists" time="0.414" /><testcase classname="tests.test_promao_api" name="test_cors_is_explicit_and_credentials_allowed" time="0.091"><failure message="AssertionError: assert None == 'true'&#10; +  where None = get('access-control-allow-credentials')&#10; +    where get = {'Date': 'Thu, 03 Sep 2026 15:33:31 GMT', 'Connection': 'keep-alive', 'Access-Control-Allow-Origin': '*', 'Access-Cont... Sep 2026 16:03:31 GMT', 'X-Robots-Tag': 'noindex, nofollow', 'Server': 'cloudflare', 'CF-RAY': 'a355d03a48bf8637-ORD'}.get&#10; +      where {'Date': 'Thu, 03 Sep 2026 15:33:31 GMT', 'Connection': 'keep-alive', 'Access-Control-Allow-Origin': '*', 'Access-Cont... Sep 2026 16:03:31 GMT', 'X-Robots-Tag': 'noindex, nofollow', 'Server': 'cloudflare', 'CF-RAY': 'a355d03a48bf8637-ORD'} = &lt;Response [204]&gt;.headers">E   AssertionError: assert None == 'true'
     +  where None = get('access-control-allow-credentials')
     +    where get = {'Date': 'Thu, 03 Sep 2026 15:33:31 GMT', 'Connection': 'keep-alive', 'Access-Control-Allow-Origin': '*', 'Access-Cont... Sep 2026 16:03:31 GMT', 'X-Robots-Tag': 'noindex, nofollow', 'Server': 'cloudflare', 'CF-RAY': 'a355d03a48bf8637-ORD'}.get
     +      where {'Date': 'Thu, 03 Sep 2026 15:33:31 GMT', 'Connection': 'keep-alive', 'Access-Control-Allow-Origin': '*', 'Access-Cont... Sep 2026 16:03:31 GMT', 'X-Robots-Tag': 'noindex, nofollow', 'Server': 'cloudflare', 'CF-RAY': 'a355d03a48bf8637-ORD'} = &lt;Response [204]&gt;.headers</failure></testcase><testcase classname="tests.test_proposal_flow.TestReviews" name="test_rude_language_blocked[idiota]" time="0.931" /><testcase classname="tests.test_proposal_flow.TestAcceptance" name="test_accept_sets_statuses" time="2.033" /><testcase classname="tests.test_proposal_flow.TestReviews" name="test_rude_language_blocked[lixo]" time="0.585" /><testcase classname="tests.test_proposal_flow.TestReviews" name="test_rude_language_blocked[merda]" time="0.532" /><testcase classname="tests.test_proposal_flow.TestAcceptance" name="test_provider_cannot_accept" time="0.336" /><testcase classname="tests.test_proposal_flow.TestAcceptance" name="test_other_client_cannot_accept" time="0.755" /><testcase classname="tests.test_proposal_flow.TestReviews" name="test_rude_language_blocked[incompetente]" time="0.758" /><testcase classname="tests.test_proposal_flow.TestAcceptance" name="test_offer_on_non_open_request_rejected" time="0.367" /><testcase classname="tests.test_proposal_flow.TestReviews" name="test_short_testimonial_blocked" time="0.479" /><testcase classname="tests.test_proposal_flow.TestAcceptance" name="test_double_accept_rejected" time="0.463" /><testcase classname="tests.test_proposal_flow.TestReviews" name="test_invalid_rating[0]" time="1.131" /><testcase classname="tests.test_proposal_flow.TestAcceptance" name="test_client_only_role_cannot_offer" time="0.160" /><testcase classname="tests.test_proposal_flow.TestListings" name="test_list_requests_returns_full_docs" time="0.212" /><testcase classname="tests.test_proposal_flow.TestListings" name="test_provider_sees_open_requests" time="0.167" /><testcase classname="tests.test_proposal_flow.TestListings" name="test_list_offers_returns_full_docs" time="0.248" /><testcase classname="tests.test_proposal_flow.TestListings" name="test_offers_mine" time="0.355" /><testcase classname="tests.test_proposal_flow.TestReviews" name="test_invalid_rating[6]" time="0.706" /><testcase classname="tests.test_proposal_flow.TestListings" name="test_offers_mine_forbidden_for_client" time="0.127" /><testcase classname="tests.test_proposal_flow.TestCompletion" name="test_complete_before_accept_rejected" time="0.317" /><testcase classname="tests.test_proposal_flow.TestCompletion" name="test_client_then_provider_completion" time="0.889" /><testcase classname="tests.test_proposal_flow.TestReviews" name="test_invalid_rating[-1]" time="0.649" /><testcase classname="tests.test_proposal_flow.TestReviews" name="test_provider_cannot_review" time="0.592" /><testcase classname="tests.test_proposal_flow.TestCompletion" name="test_provider_then_client_completion" time="0.648" /><testcase classname="tests.test_proposal_flow.TestReviews" name="test_other_client_cannot_review" time="1.130" /><testcase classname="tests.test_proposal_flow.TestCompletion" name="test_non_participant_cannot_complete" time="0.922" /><testcase classname="tests.test_proposal_flow.TestGuardGaps" name="test_provider_cannot_offer_twice_on_same_request" time="0.472"><failure message="AssertionError: duplicate offer from same provider allowed (status 200)&#10;assert 200 in (400, 409)&#10; +  where 200 = &lt;Response [200]&gt;.status_code">E   AssertionError: duplicate offer from same provider allowed (status 200)
    assert 200 in (400, 409)
     +  where 200 = &lt;Response [200]&gt;.status_code</failure></testcase><testcase classname="tests.test_proposal_flow.TestAuthBasics" name="test_login_and_me" time="0.484" /><testcase classname="tests.test_proposal_flow.TestGuardGaps" name="test_offers_of_other_users_request_not_public" time="0.848"><failure message="AssertionError: any authenticated user can read another client's offers (status 200)&#10;assert 200 in (403, 404)&#10; +  where 200 = &lt;Response [200]&gt;.status_code">E   AssertionError: any authenticated user can read another client's offers (status 200)
    assert 200 in (403, 404)
     +  where 200 = &lt;Response [200]&gt;.status_code</failure></testcase><testcase classname="tests.test_proposal_flow.TestAuthBasics" name="test_login_wrong_password" time="0.456" /><testcase classname="tests.test_proposal_flow.TestAuthBasics" name="test_unauthenticated_requests" time="0.213" /><testcase classname="tests.test_proposal_flow.TestEdgeCases" name="test_accept_invalid_offer_id" time="0.084"><failure message="AssertionError: got 500&#10;assert 500 in (400, 404, 422)&#10; +  where 500 = &lt;Response [500]&gt;.status_code">E   AssertionError: got 500
    assert 500 in (400, 404, 422)
     +  where 500 = &lt;Response [500]&gt;.status_code</failure></testcase><testcase classname="tests.test_proposal_flow.TestEdgeCases" name="test_accept_missing_offer_id" time="0.084" /><testcase classname="tests.test_proposal_flow.TestGuardGaps" name="test_complete_invalid_object_id" time="0.076"><failure message="AssertionError: got 500&#10;assert 500 in (400, 404, 422)&#10; +  where 500 = &lt;Response [500]&gt;.status_code">E   AssertionError: got 500
    assert 500 in (400, 404, 422)
     +  where 500 = &lt;Response [500]&gt;.status_code</failure></testcase><testcase classname="tests.test_proposal_flow.TestEdgeCases" name="test_offers_for_unknown_request" time="0.080" /><testcase classname="tests.test_proposal_flow.TestGuardGaps" name="test_review_invalid_object_id" time="0.077"><failure message="AssertionError: got 500&#10;assert 500 in (400, 404, 422)&#10; +  where 500 = &lt;Response [500]&gt;.status_code">E   AssertionError: got 500
    assert 500 in (400, 404, 422)
     +  where 500 = &lt;Response [500]&gt;.status_code</failure></testcase><testcase classname="tests.test_phase2_features" name="test_catalog_request_offer_and_portfolio_authorization" time="0.943"><failure message="KeyError: 'name'">E   KeyError: 'name'</failure></testcase></testsuite></testsuites>