<?xml version="1.0" encoding="utf-8"?><testsuites name="pytest tests"><testsuite name="pytest" errors="0" failures="1" skipped="0" tests="7" time="3.270" timestamp="2026-09-03T14:26:49.888713+00:00" hostname="agent-env-1ac7a5e8-c544-4b14-895f-15925d60d05b"><testcase classname="tests.test_promao_api" name="test_services_and_demo_providers" time="0.358" /><testcase classname="tests.test_promao_api" name="test_register_sets_httponly_cookie_and_me" time="0.465" /><testcase classname="tests.test_promao_api" name="test_login_and_logout" time="1.124" /><testcase classname="tests.test_promao_api" name="test_invalid_login_is_readable" time="0.140" /><testcase classname="tests.test_promao_api" name="test_request_requires_auth" time="0.141" /><testcase classname="tests.test_promao_api" name="test_authenticated_request_persists" time="0.434" /><testcase classname="tests.test_promao_api" name="test_cors_is_explicit_and_credentials_allowed" time="0.088"><failure message="AssertionError: assert None == 'true'&#10; +  where None = get('access-control-allow-credentials')&#10; +    where get = {'Date': 'Thu, 03 Sep 2026 14:26:53 GMT', 'Connection': 'keep-alive', 'Access-Control-Allow-Origin': '*', 'Access-Control-Allow-Headers': '*', 'Access-Control-Allow-Methods': 'GET, POST, PUT, DELETE, OPTIONS, HEAD, PATCH', 'Access-Control-Max-Age': '300', 'set-cookie': '__cf_bm=uNbXM1qpysQJR3vyj3.J7pXMCVUOgpPRTdtiRLlHYqA-1788445613.0756304-1.0.1.1-oZNrsEGcGZxC6TITW_giNy9DeA7O4d5b5Sk18qykLb3K843aX5E4ttnXlVYfzmy6k8qZSH01s93M4lmQv84MQCOPNgiO9LrPUmtMB8vj6jQTZlxxGLpdrRHc.WZT4PB8; HttpOnly; SameSite=None; Secure; Path=/; Domain=preview.emergentagent.com; Expires=Thu, 03 Sep 2026 14:56:53 GMT', 'X-Robots-Tag': 'noindex, nofollow', 'Server': 'cloudflare', 'CF-RAY': 'a3556e99b8bdb4c1-ORD'}.get&#10; +      where {'Date': 'Thu, 03 Sep 2026 14:26:53 GMT', 'Connection': 'keep-alive', 'Access-Control-Allow-Origin': '*', 'Access-Control-Allow-Headers': '*', 'Access-Control-Allow-Methods': 'GET, POST, PUT, DELETE, OPTIONS, HEAD, PATCH', 'Access-Control-Max-Age': '300', 'set-cookie': '__cf_bm=uNbXM1qpysQJR3vyj3.J7pXMCVUOgpPRTdtiRLlHYqA-1788445613.0756304-1.0.1.1-oZNrsEGcGZxC6TITW_giNy9DeA7O4d5b5Sk18qykLb3K843aX5E4ttnXlVYfzmy6k8qZSH01s93M4lmQv84MQCOPNgiO9LrPUmtMB8vj6jQTZlxxGLpdrRHc.WZT4PB8; HttpOnly; SameSite=None; Secure; Path=/; Domain=preview.emergentagent.com; Expires=Thu, 03 Sep 2026 14:56:53 GMT', 'X-Robots-Tag': 'noindex, nofollow', 'Server': 'cloudflare', 'CF-RAY': 'a3556e99b8bdb4c1-ORD'} = &lt;Response [204]&gt;.headers">backend/tests/test_promao_api.py:86: in test_cors_is_explicit_and_credentials_allowed
    assert response.headers.get("access-control-allow-credentials") == "true"
E   AssertionError: assert None == 'true'
E    +  where None = get('access-control-allow-credentials')
E    +    where get = {'Date': 'Thu, 03 Sep 2026 14:26:53 GMT', 'Connection': 'keep-alive', 'Access-Control-Allow-Origin': '*', 'Access-Control-Allow-Headers': '*', 'Access-Control-Allow-Methods': 'GET, POST, PUT, DELETE, OPTIONS, HEAD, PATCH', 'Access-Control-Max-Age': '300', 'set-cookie': '__cf_bm=uNbXM1qpysQJR3vyj3.J7pXMCVUOgpPRTdtiRLlHYqA-1788445613.0756304-1.0.1.1-oZNrsEGcGZxC6TITW_giNy9DeA7O4d5b5Sk18qykLb3K843aX5E4ttnXlVYfzmy6k8qZSH01s93M4lmQv84MQCOPNgiO9LrPUmtMB8vj6jQTZlxxGLpdrRHc.WZT4PB8; HttpOnly; SameSite=None; Secure; Path=/; Domain=preview.emergentagent.com; Expires=Thu, 03 Sep 2026 14:56:53 GMT', 'X-Robots-Tag': 'noindex, nofollow', 'Server': 'cloudflare', 'CF-RAY': 'a3556e99b8bdb4c1-ORD'}.get
E    +      where {'Date': 'Thu, 03 Sep 2026 14:26:53 GMT', 'Connection': 'keep-alive', 'Access-Control-Allow-Origin': '*', 'Access-Control-Allow-Headers': '*', 'Access-Control-Allow-Methods': 'GET, POST, PUT, DELETE, OPTIONS, HEAD, PATCH', 'Access-Control-Max-Age': '300', 'set-cookie': '__cf_bm=uNbXM1qpysQJR3vyj3.J7pXMCVUOgpPRTdtiRLlHYqA-1788445613.0756304-1.0.1.1-oZNrsEGcGZxC6TITW_giNy9DeA7O4d5b5Sk18qykLb3K843aX5E4ttnXlVYfzmy6k8qZSH01s93M4lmQv84MQCOPNgiO9LrPUmtMB8vj6jQTZlxxGLpdrRHc.WZT4PB8; HttpOnly; SameSite=None; Secure; Path=/; Domain=preview.emergentagent.com; Expires=Thu, 03 Sep 2026 14:56:53 GMT', 'X-Robots-Tag': 'noindex, nofollow', 'Server': 'cloudflare', 'CF-RAY': 'a3556e99b8bdb4c1-ORD'} = &lt;Response [204]&gt;.headers</failure></testcase></testsuite></testsuites>