<?xml version="1.0" encoding="utf-8"?><testsuites name="pytest tests"><testsuite name="pytest" errors="0" failures="1" skipped="0" tests="7" time="3.220" timestamp="2026-09-03T14:15:01.903242+00:00" hostname="agent-env-1ac7a5e8-c544-4b14-895f-15925d60d05b"><testcase classname="tests.test_promao_api" name="test_services_and_demo_providers" time="0.324" /><testcase classname="tests.test_promao_api" name="test_register_sets_httponly_cookie_and_me" time="0.442" /><testcase classname="tests.test_promao_api" name="test_login_and_logout" time="0.959" /><testcase classname="tests.test_promao_api" name="test_invalid_login_is_readable" time="0.211" /><testcase classname="tests.test_promao_api" name="test_request_requires_auth" time="0.146" /><testcase classname="tests.test_promao_api" name="test_authenticated_request_persists" time="0.487" /><testcase classname="tests.test_promao_api" name="test_cors_is_explicit_and_credentials_allowed" time="0.092"><failure message="AssertionError: assert None == 'true'&#10; +  where None = get('access-control-allow-credentials')&#10; +    where get = {'Date': 'Thu, 03 Sep 2026 14:15:05 GMT', 'Connection': 'keep-alive', 'Access-Control-Allow-Origin': '*', 'Access-Control-Allow-Headers': '*', 'Access-Control-Allow-Methods': 'GET, POST, PUT, DELETE, OPTIONS, HEAD, PATCH', 'Access-Control-Max-Age': '300', 'set-cookie': '__cf_bm=uJcJ3Lw52OzpkTGbj_0tor0iPu14BGWfHyPy1zm31Lg-1788444905.0113335-1.0.1.1-MLSfSeUkJa0I0KpP703jTGwsEBsS1VdRMWzkVWLGAJ.23B4kTV7GlV9y3oQQbSuE0XK_xeAMQsR_.VkXLfG4R9_EN31kzfN8JlX2sYvdYcV7vMo4yOdy6478QMg83pNr; HttpOnly; SameSite=None; Secure; Path=/; Domain=preview.emergentagent.com; Expires=Thu, 03 Sep 2026 14:45:05 GMT', 'X-Robots-Tag': 'noindex, nofollow', 'Server': 'cloudflare', 'CF-RAY': 'a3555d505d1c8637-ORD'}.get&#10; +      where {'Date': 'Thu, 03 Sep 2026 14:15:05 GMT', 'Connection': 'keep-alive', 'Access-Control-Allow-Origin': '*', 'Access-Control-Allow-Headers': '*', 'Access-Control-Allow-Methods': 'GET, POST, PUT, DELETE, OPTIONS, HEAD, PATCH', 'Access-Control-Max-Age': '300', 'set-cookie': '__cf_bm=uJcJ3Lw52OzpkTGbj_0tor0iPu14BGWfHyPy1zm31Lg-1788444905.0113335-1.0.1.1-MLSfSeUkJa0I0KpP703jTGwsEBsS1VdRMWzkVWLGAJ.23B4kTV7GlV9y3oQQbSuE0XK_xeAMQsR_.VkXLfG4R9_EN31kzfN8JlX2sYvdYcV7vMo4yOdy6478QMg83pNr; HttpOnly; SameSite=None; Secure; Path=/; Domain=preview.emergentagent.com; Expires=Thu, 03 Sep 2026 14:45:05 GMT', 'X-Robots-Tag': 'noindex, nofollow', 'Server': 'cloudflare', 'CF-RAY': 'a3555d505d1c8637-ORD'} = &lt;Response [204]&gt;.headers">backend/tests/test_promao_api.py:86: in test_cors_is_explicit_and_credentials_allowed
    assert response.headers.get("access-control-allow-credentials") == "true"
E   AssertionError: assert None == 'true'
E    +  where None = get('access-control-allow-credentials')
E    +    where get = {'Date': 'Thu, 03 Sep 2026 14:15:05 GMT', 'Connection': 'keep-alive', 'Access-Control-Allow-Origin': '*', 'Access-Control-Allow-Headers': '*', 'Access-Control-Allow-Methods': 'GET, POST, PUT, DELETE, OPTIONS, HEAD, PATCH', 'Access-Control-Max-Age': '300', 'set-cookie': '__cf_bm=uJcJ3Lw52OzpkTGbj_0tor0iPu14BGWfHyPy1zm31Lg-1788444905.0113335-1.0.1.1-MLSfSeUkJa0I0KpP703jTGwsEBsS1VdRMWzkVWLGAJ.23B4kTV7GlV9y3oQQbSuE0XK_xeAMQsR_.VkXLfG4R9_EN31kzfN8JlX2sYvdYcV7vMo4yOdy6478QMg83pNr; HttpOnly; SameSite=None; Secure; Path=/; Domain=preview.emergentagent.com; Expires=Thu, 03 Sep 2026 14:45:05 GMT', 'X-Robots-Tag': 'noindex, nofollow', 'Server': 'cloudflare', 'CF-RAY': 'a3555d505d1c8637-ORD'}.get
E    +      where {'Date': 'Thu, 03 Sep 2026 14:15:05 GMT', 'Connection': 'keep-alive', 'Access-Control-Allow-Origin': '*', 'Access-Control-Allow-Headers': '*', 'Access-Control-Allow-Methods': 'GET, POST, PUT, DELETE, OPTIONS, HEAD, PATCH', 'Access-Control-Max-Age': '300', 'set-cookie': '__cf_bm=uJcJ3Lw52OzpkTGbj_0tor0iPu14BGWfHyPy1zm31Lg-1788444905.0113335-1.0.1.1-MLSfSeUkJa0I0KpP703jTGwsEBsS1VdRMWzkVWLGAJ.23B4kTV7GlV9y3oQQbSuE0XK_xeAMQsR_.VkXLfG4R9_EN31kzfN8JlX2sYvdYcV7vMo4yOdy6478QMg83pNr; HttpOnly; SameSite=None; Secure; Path=/; Domain=preview.emergentagent.com; Expires=Thu, 03 Sep 2026 14:45:05 GMT', 'X-Robots-Tag': 'noindex, nofollow', 'Server': 'cloudflare', 'CF-RAY': 'a3555d505d1c8637-ORD'} = &lt;Response [204]&gt;.headers</failure></testcase></testsuite></testsuites>